2020-07-20T16:11:10: >>> Adobe Updater Log Begin >>>
2020-07-20T16:11:10: Application Version: 6.0.0.24
2020-07-20T16:11:10: cmdline option: -logFile = C:\Users\Mittu\AppData\Local\Adobe\AAMUpdater\1.0\aamun.log
2020-07-20T16:11:10: cmdline option: -logLevel = 2
2020-07-20T16:11:10: UpdaterNotifications : Stepped into << UpdaterNotificationsGetLEIDList >> call.
2020-07-20T16:11:10: is  task present thread returns  true.
2020-07-20T16:11:10: UpdaterNotifications : Automatic updater scheduled check was missed.
2020-07-20T16:11:10: is  task present thread returns  false.
2020-07-20T16:11:10: UpdaterNotifications : Fallback task is not present
2020-07-20T16:11:10: UpdaterNotifications : No other task scheduled. Adding fall back task to run updater after 30 minutes
2020-07-20T16:11:10: UpdaterNotifications : Stepped into << AddOneTimeUpdaterSchedulerTask >> call.
2020-07-20T16:11:10: UpdaterNotifications : Adding one time scheduled task for csupdater.
2020-07-20T16:11:10: add  task thread returns  true.
2020-07-20T16:11:10: UpdaterNotifications : Successfully returning from  << AddOneTimeUpdaterSchedulerTask >> call.
2020-07-20T16:11:10: UpdaterNotifications : Successfully added fall back task to run updater after 30 minutes
2020-07-20T16:11:10: UpdaterNotifications : Successfully returning from << UpdaterNotificationsGetLEIDList >> call.
2020-07-20T16:12:04: <<< Adobe Updater Log End <<<


2020-07-22T16:07:12: >>> Adobe Updater Log Begin >>>
2020-07-22T16:07:12: Application Version: 6.0.0.24
2020-07-22T16:07:12: cmdline option: -logFile = C:\Users\Mittu\AppData\Local\Adobe\AAMUpdater\1.0\aamun.log
2020-07-22T16:07:12: cmdline option: -logLevel = 2
2020-07-22T16:07:12: UpdaterNotifications : Stepped into << UpdaterNotificationsGetLEIDList >> call.
2020-07-22T16:07:12: is  task present thread returns  true.
2020-07-22T16:07:12: UpdaterNotifications : Automatic updater scheduled check was missed.
2020-07-22T16:07:12: is  task present thread returns  true.
2020-07-22T16:07:12: UpdaterNotifications : Successfully returning from << UpdaterNotificationsGetLEIDList >> call.
2020-07-22T16:34:20: <<< Adobe Updater Log End <<<


2020-07-24T01:15:01: >>> Adobe Updater Log Begin >>>
2020-07-24T01:15:01: Application Version: 6.0.0.24
2020-07-24T01:15:01: cmdline option: -logFile = C:\Users\Mittu\AppData\Local\Adobe\AAMUpdater\1.0\aamun.log
2020-07-24T01:15:01: cmdline option: -logLevel = 2
2020-07-24T01:15:01: UpdaterNotifications : Stepped into << UpdaterNotificationsGetLEIDList >> call.
2020-07-24T01:15:01: is  task present thread returns  true.
2020-07-24T01:15:01: UpdaterNotifications : Successfully returning from << UpdaterNotificationsGetLEIDList >> call.
2020-07-24T01:30:51: <<< Adobe Updater Log End <<<


2020-07-24T01:31:33: >>> Adobe Updater Log Begin >>>
2020-07-24T01:31:33: Application Version: 6.0.0.24
2020-07-24T01:31:33: cmdline option: -logFile = C:\Users\Mittu\AppData\Local\Adobe\AAMUpdater\1.0\aamun.log
2020-07-24T01:31:33: cmdline option: -logLevel = 2
2020-07-24T01:31:33: UpdaterNotifications : Stepped into << UpdaterNotificationsGetLEIDList >> call.
2020-07-24T01:31:33: is  task present thread returns  true.
2020-07-24T01:31:33: UpdaterNotifications : Successfully returning from << UpdaterNotificationsGetLEIDList >> call.
2020-07-24T02:07:22: <<< Adobe Updater Log End <<<


