2020-07-21T01:21:52: >>> Adobe Updater Log Begin >>>
2020-07-21T01:21:52: Application Version: 6.0.0.67
2020-07-21T01:21:52: cmdline option: -logFile = C:\Users\Mittu\AppData\Local\Adobe\AAMUpdater\1.0\aamul.log
2020-07-21T01:21:52: cmdline option: -logLevel = 2
2020-07-21T01:21:52: StartupUtility : Loaded at startup/logon.
2020-07-21T01:21:52: UCIsUpdaterEnabled : UpdaterIsEnabled.
2020-07-21T01:21:52: Updater has never been run on the machine.
2020-07-21T01:21:52: StartupUtility : Window is NOT Elapsed.
2020-07-21T01:21:52: <<< Adobe Updater Log End <<<


2020-07-21T04:12:36: >>> Adobe Updater Log Begin >>>
2020-07-21T04:12:36: Application Version: 6.0.0.67
2020-07-21T04:12:36: cmdline option: -logFile = C:\Users\Mittu\AppData\Local\Adobe\AAMUpdater\1.0\aamul.log
2020-07-21T04:12:36: cmdline option: -logLevel = 2
2020-07-21T04:12:36: StartupUtility : Loaded at startup/logon.
2020-07-21T04:12:36: UCIsUpdaterEnabled : UpdaterIsEnabled.
2020-07-21T04:12:36: Updater has never been run on the machine.
2020-07-21T04:12:36: StartupUtility : Window is NOT Elapsed.
2020-07-21T04:12:36: <<< Adobe Updater Log End <<<


2020-07-22T04:13:08: >>> Adobe Updater Log Begin >>>
2020-07-22T04:13:08: Application Version: 6.0.0.67
2020-07-22T04:13:08: cmdline option: -logFile = C:\Users\Mittu\AppData\Local\Adobe\AAMUpdater\1.0\aamul.log
2020-07-22T04:13:08: cmdline option: -logLevel = 2
2020-07-22T04:13:08: StartupUtility : Loaded at startup/logon.
2020-07-22T04:13:08: UCIsUpdaterEnabled : UpdaterIsEnabled.
2020-07-22T04:13:08: Updater has never been run on the machine.
2020-07-22T04:13:08: StartupUtility : Window is NOT Elapsed.
2020-07-22T04:13:08: <<< Adobe Updater Log End <<<


2020-07-22T04:23:21: >>> Adobe Updater Log Begin >>>
2020-07-22T04:23:21: Application Version: 6.0.0.67
2020-07-22T04:23:21: cmdline option: -logFile = C:\Users\Mittu\AppData\Local\Adobe\AAMUpdater\1.0\aamul.log
2020-07-22T04:23:21: cmdline option: -logLevel = 2
2020-07-22T04:23:21: StartupUtility : Loaded in scheduled mode.
2020-07-22T04:23:21: UCIsUpdaterEnabled : UpdaterIsEnabled.
2020-07-22T04:23:21: StartupUtility: Calling LaunchExecutable for exe  = C:\Program Files (x86)\Common Files\Adobe\OOBE\PDApp\UWA\AAM Updates Notifier.exe
2020-07-22T04:23:21: App launched is (UTF8)=> = "C:\Program Files (x86)\Common Files\Adobe\OOBE\PDApp\UWA\AAM Updates Notifier.exe"
2020-07-22T04:23:21: <<< Adobe Updater Log End <<<


2020-07-23T03:59:55: >>> Adobe Updater Log Begin >>>
2020-07-23T03:59:55: Application Version: 6.0.0.67
2020-07-23T03:59:56: cmdline option: -logFile = C:\Users\Mittu\AppData\Local\Adobe\AAMUpdater\1.0\aamul.log
2020-07-23T03:59:56: cmdline option: -logLevel = 2
2020-07-23T03:59:56: StartupUtility : Loaded at startup/logon.
2020-07-23T03:59:56: UCIsUpdaterEnabled : UpdaterIsEnabled.
2020-07-23T03:59:56: Updater has never been run on the machine.
2020-07-23T03:59:56: StartupUtility : Window is NOT Elapsed.
2020-07-23T03:59:56: <<< Adobe Updater Log End <<<


2020-07-23T05:11:45: >>> Adobe Updater Log Begin >>>
2020-07-23T05:11:45: Application Version: 6.0.0.67
2020-07-23T05:11:45: cmdline option: -logFile = C:\Users\Mittu\AppData\Local\Adobe\AAMUpdater\1.0\aamul.log
2020-07-23T05:11:45: cmdline option: -logLevel = 2
2020-07-23T05:11:45: StartupUtility : Loaded in scheduled mode.
2020-07-23T05:11:45: UCIsUpdaterEnabled : UpdaterIsEnabled.
2020-07-23T05:11:45: StartupUtility: Calling LaunchExecutable for exe  = C:\Program Files (x86)\Common Files\Adobe\OOBE\PDApp\UWA\AAM Updates Notifier.exe
2020-07-23T05:11:45: App launched is (UTF8)=> = "C:\Program Files (x86)\Common Files\Adobe\OOBE\PDApp\UWA\AAM Updates Notifier.exe"
2020-07-23T05:11:45: <<< Adobe Updater Log End <<<


2020-07-24T00:46:59: >>> Adobe Updater Log Begin >>>
2020-07-24T00:46:59: Application Version: 6.0.0.67
2020-07-24T00:46:59: cmdline option: -logFile = C:\Users\Mittu\AppData\Local\Adobe\AAMUpdater\1.0\aamul.log
2020-07-24T00:46:59: cmdline option: -logLevel = 2
2020-07-24T00:46:59: StartupUtility : Loaded at startup/logon.
2020-07-24T00:46:59: UCIsUpdaterEnabled : UpdaterIsEnabled.
2020-07-24T00:46:59: Scheduled check window has not yet elapsed 
2020-07-24T00:46:59: StartupUtility : Window is NOT Elapsed.
2020-07-24T00:46:59: <<< Adobe Updater Log End <<<


